This is pdfTeX, Version 3.1415926-2.5-1.40.14 (TeX Live 2013/Debian) (format=pdflatex 2016.2.9)  21 FEB 2016 21:02
entering extended mode
 restricted \write18 enabled.
 %&-line parsing enabled.
**openstack.tex
(./openstack.tex
LaTeX2e <2011/06/27>
Babel <3.9h> and hyphenation patterns for 5 languages loaded.
(/usr/share/texlive/texmf-dist/tex/latex/base/book.cls
Document Class: book 2007/10/19 v1.4h Standard LaTeX document class
(/usr/share/texlive/texmf-dist/tex/latex/base/bk10.clo
File: bk10.clo 2007/10/19 v1.4h Standard LaTeX file (size option)
)
\c@part=\count79
\c@chapter=\count80
\c@section=\count81
\c@subsection=\count82
\c@subsubsection=\count83
\c@paragraph=\count84
\c@subparagraph=\count85
\c@figure=\count86
\c@table=\count87
\abovecaptionskip=\skip41
\belowcaptionskip=\skip42
\bibindent=\dimen102
)
(/usr/share/texlive/texmf-dist/tex/latex/base/inputenc.sty
Package: inputenc 2008/03/30 v1.1d Input encoding file
\inpenc@prehook=\toks14
\inpenc@posthook=\toks15

(/usr/share/texlive/texmf-dist/tex/latex/base/utf8.def
File: utf8.def 2008/04/05 v1.1m UTF-8 support for inputenc
Now handling font encoding OML ...
... no UTF-8 mapping file for font encoding OML
Now handling font encoding T1 ...
... processing UTF-8 mapping file for font encoding T1

(/usr/share/texlive/texmf-dist/tex/latex/base/t1enc.dfu
File: t1enc.dfu 2008/04/05 v1.1m UTF-8 support for inputenc
   defining Unicode char U+00A1 (decimal 161)
   defining Unicode char U+00A3 (decimal 163)
   defining Unicode char U+00AB (decimal 171)
   defining Unicode char U+00BB (decimal 187)
   defining Unicode char U+00BF (decimal 191)
   defining Unicode char U+00C0 (decimal 192)
   defining Unicode char U+00C1 (decimal 193)
   defining Unicode char U+00C2 (decimal 194)
   defining Unicode char U+00C3 (decimal 195)
   defining Unicode char U+00C4 (decimal 196)
   defining Unicode char U+00C5 (decimal 197)
   defining Unicode char U+00C6 (decimal 198)
   defining Unicode char U+00C7 (decimal 199)
   defining Unicode char U+00C8 (decimal 200)
   defining Unicode char U+00C9 (decimal 201)
   defining Unicode char U+00CA (decimal 202)
   defining Unicode char U+00CB (decimal 203)
   defining Unicode char U+00CC (decimal 204)
   defining Unicode char U+00CD (decimal 205)
   defining Unicode char U+00CE (decimal 206)
   defining Unicode char U+00CF (decimal 207)
   defining Unicode char U+00D0 (decimal 208)
   defining Unicode char U+00D1 (decimal 209)
   defining Unicode char U+00D2 (decimal 210)
   defining Unicode char U+00D3 (decimal 211)
   defining Unicode char U+00D4 (decimal 212)
   defining Unicode char U+00D5 (decimal 213)
   defining Unicode char U+00D6 (decimal 214)
   defining Unicode char U+00D8 (decimal 216)
   defining Unicode char U+00D9 (decimal 217)
   defining Unicode char U+00DA (decimal 218)
   defining Unicode char U+00DB (decimal 219)
   defining Unicode char U+00DC (decimal 220)
   defining Unicode char U+00DD (decimal 221)
   defining Unicode char U+00DE (decimal 222)
   defining Unicode char U+00DF (decimal 223)
   defining Unicode char U+00E0 (decimal 224)
   defining Unicode char U+00E1 (decimal 225)
   defining Unicode char U+00E2 (decimal 226)
   defining Unicode char U+00E3 (decimal 227)
   defining Unicode char U+00E4 (decimal 228)
   defining Unicode char U+00E5 (decimal 229)
   defining Unicode char U+00E6 (decimal 230)
   defining Unicode char U+00E7 (decimal 231)
   defining Unicode char U+00E8 (decimal 232)
   defining Unicode char U+00E9 (decimal 233)
   defining Unicode char U+00EA (decimal 234)
   defining Unicode char U+00EB (decimal 235)
   defining Unicode char U+00EC (decimal 236)
   defining Unicode char U+00ED (decimal 237)
   defining Unicode char U+00EE (decimal 238)
   defining Unicode char U+00EF (decimal 239)
   defining Unicode char U+00F0 (decimal 240)
   defining Unicode char U+00F1 (decimal 241)
   defining Unicode char U+00F2 (decimal 242)
   defining Unicode char U+00F3 (decimal 243)
   defining Unicode char U+00F4 (decimal 244)
   defining Unicode char U+00F5 (decimal 245)
   defining Unicode char U+00F6 (decimal 246)
   defining Unicode char U+00F8 (decimal 248)
   defining Unicode char U+00F9 (decimal 249)
   defining Unicode char U+00FA (decimal 250)
   defining Unicode char U+00FB (decimal 251)
   defining Unicode char U+00FC (decimal 252)
   defining Unicode char U+00FD (decimal 253)
   defining Unicode char U+00FE (decimal 254)
   defining Unicode char U+00FF (decimal 255)
   defining Unicode char U+0102 (decimal 258)
   defining Unicode char U+0103 (decimal 259)
   defining Unicode char U+0104 (decimal 260)
   defining Unicode char U+0105 (decimal 261)
   defining Unicode char U+0106 (decimal 262)
   defining Unicode char U+0107 (decimal 263)
   defining Unicode char U+010C (decimal 268)
   defining Unicode char U+010D (decimal 269)
   defining Unicode char U+010E (decimal 270)
   defining Unicode char U+010F (decimal 271)
   defining Unicode char U+0110 (decimal 272)
   defining Unicode char U+0111 (decimal 273)
   defining Unicode char U+0118 (decimal 280)
   defining Unicode char U+0119 (decimal 281)
   defining Unicode char U+011A (decimal 282)
   defining Unicode char U+011B (decimal 283)
   defining Unicode char U+011E (decimal 286)
   defining Unicode char U+011F (decimal 287)
   defining Unicode char U+0130 (decimal 304)
   defining Unicode char U+0131 (decimal 305)
   defining Unicode char U+0132 (decimal 306)
   defining Unicode char U+0133 (decimal 307)
   defining Unicode char U+0139 (decimal 313)
   defining Unicode char U+013A (decimal 314)
   defining Unicode char U+013D (decimal 317)
   defining Unicode char U+013E (decimal 318)
   defining Unicode char U+0141 (decimal 321)
   defining Unicode char U+0142 (decimal 322)
   defining Unicode char U+0143 (decimal 323)
   defining Unicode char U+0144 (decimal 324)
   defining Unicode char U+0147 (decimal 327)
   defining Unicode char U+0148 (decimal 328)
   defining Unicode char U+014A (decimal 330)
   defining Unicode char U+014B (decimal 331)
   defining Unicode char U+0150 (decimal 336)
   defining Unicode char U+0151 (decimal 337)
   defining Unicode char U+0152 (decimal 338)
   defining Unicode char U+0153 (decimal 339)
   defining Unicode char U+0154 (decimal 340)
   defining Unicode char U+0155 (decimal 341)
   defining Unicode char U+0158 (decimal 344)
   defining Unicode char U+0159 (decimal 345)
   defining Unicode char U+015A (decimal 346)
   defining Unicode char U+015B (decimal 347)
   defining Unicode char U+015E (decimal 350)
   defining Unicode char U+015F (decimal 351)
   defining Unicode char U+0160 (decimal 352)
   defining Unicode char U+0161 (decimal 353)
   defining Unicode char U+0162 (decimal 354)
   defining Unicode char U+0163 (decimal 355)
   defining Unicode char U+0164 (decimal 356)
   defining Unicode char U+0165 (decimal 357)
   defining Unicode char U+016E (decimal 366)
   defining Unicode char U+016F (decimal 367)
   defining Unicode char U+0170 (decimal 368)
   defining Unicode char U+0171 (decimal 369)
   defining Unicode char U+0178 (decimal 376)
   defining Unicode char U+0179 (decimal 377)
   defining Unicode char U+017A (decimal 378)
   defining Unicode char U+017B (decimal 379)
   defining Unicode char U+017C (decimal 380)
   defining Unicode char U+017D (decimal 381)
   defining Unicode char U+017E (decimal 382)
   defining Unicode char U+200C (decimal 8204)
   defining Unicode char U+2013 (decimal 8211)
   defining Unicode char U+2014 (decimal 8212)
   defining Unicode char U+2018 (decimal 8216)
   defining Unicode char U+2019 (decimal 8217)
   defining Unicode char U+201A (decimal 8218)
   defining Unicode char U+201C (decimal 8220)
   defining Unicode char U+201D (decimal 8221)
   defining Unicode char U+201E (decimal 8222)
   defining Unicode char U+2030 (decimal 8240)
   defining Unicode char U+2031 (decimal 8241)
   defining Unicode char U+2039 (decimal 8249)
   defining Unicode char U+203A (decimal 8250)
   defining Unicode char U+2423 (decimal 9251)
)
Now handling font encoding OT1 ...
... processing UTF-8 mapping file for font encoding OT1

(/usr/share/texlive/texmf-dist/tex/latex/base/ot1enc.dfu
File: ot1enc.dfu 2008/04/05 v1.1m UTF-8 support for inputenc
   defining Unicode char U+00A1 (decimal 161)
   defining Unicode char U+00A3 (decimal 163)
   defining Unicode char U+00B8 (decimal 184)
   defining Unicode char U+00BF (decimal 191)
   defining Unicode char U+00C5 (decimal 197)
   defining Unicode char U+00C6 (decimal 198)
   defining Unicode char U+00D8 (decimal 216)
   defining Unicode char U+00DF (decimal 223)
   defining Unicode char U+00E6 (decimal 230)
   defining Unicode char U+00EC (decimal 236)
   defining Unicode char U+00ED (decimal 237)
   defining Unicode char U+00EE (decimal 238)
   defining Unicode char U+00EF (decimal 239)
   defining Unicode char U+00F8 (decimal 248)
   defining Unicode char U+0131 (decimal 305)
   defining Unicode char U+0141 (decimal 321)
   defining Unicode char U+0142 (decimal 322)
   defining Unicode char U+0152 (decimal 338)
   defining Unicode char U+0153 (decimal 339)
   defining Unicode char U+2013 (decimal 8211)
   defining Unicode char U+2014 (decimal 8212)
   defining Unicode char U+2018 (decimal 8216)
   defining Unicode char U+2019 (decimal 8217)
   defining Unicode char U+201C (decimal 8220)
   defining Unicode char U+201D (decimal 8221)
)
Now handling font encoding OMS ...
... processing UTF-8 mapping file for font encoding OMS

(/usr/share/texlive/texmf-dist/tex/latex/base/omsenc.dfu
File: omsenc.dfu 2008/04/05 v1.1m UTF-8 support for inputenc
   defining Unicode char U+00A7 (decimal 167)
   defining Unicode char U+00B6 (decimal 182)
   defining Unicode char U+00B7 (decimal 183)
   defining Unicode char U+2020 (decimal 8224)
   defining Unicode char U+2021 (decimal 8225)
   defining Unicode char U+2022 (decimal 8226)
)
Now handling font encoding OMX ...
... no UTF-8 mapping file for font encoding OMX
Now handling font encoding U ...
... no UTF-8 mapping file for font encoding U
   defining Unicode char U+00A9 (decimal 169)
   defining Unicode char U+00AA (decimal 170)
   defining Unicode char U+00AE (decimal 174)
   defining Unicode char U+00BA (decimal 186)
   defining Unicode char U+02C6 (decimal 710)
   defining Unicode char U+02DC (decimal 732)
   defining Unicode char U+200C (decimal 8204)
   defining Unicode char U+2026 (decimal 8230)
   defining Unicode char U+2122 (decimal 8482)
   defining Unicode char U+2423 (decimal 9251)
))
(/usr/share/texlive/texmf-dist/tex/generic/babel/babel.sty
Package: babel 2013/12/03 3.9h The Babel package

(/usr/share/texlive/texmf-dist/tex/generic/babel-portuges/portuges.ldf
Language: portuges 2008/03/18 v1.2q Portuguese support from the babel system

(/usr/share/texlive/texmf-dist/tex/generic/babel/babel.def
File: babel.def 2013/12/03 3.9h Babel common definitions
\babel@savecnt=\count88
\U@D=\dimen103
)
\l@brazilian = a dialect from \language\l@portuges 
Package babel Info: Making " an active character on input line 145.
))
(/usr/share/texlive/texmf-dist/tex/latex/tools/indentfirst.sty
Package: indentfirst 1995/11/23 v1.03 Indent first paragraph (DPC)
)
(/usr/share/texlive/texmf-dist/tex/latex/graphics/graphicx.sty
Package: graphicx 1999/02/16 v1.0f Enhanced LaTeX Graphics (DPC,SPQR)

(/usr/share/texlive/texmf-dist/tex/latex/graphics/keyval.sty
Package: keyval 1999/03/16 v1.13 key=value parser (DPC)
\KV@toks@=\toks16
)
(/usr/share/texlive/texmf-dist/tex/latex/graphics/graphics.sty
Package: graphics 2009/02/05 v1.0o Standard LaTeX Graphics (DPC,SPQR)

(/usr/share/texlive/texmf-dist/tex/latex/graphics/trig.sty
Package: trig 1999/03/16 v1.09 sin cos tan (DPC)
)
(/usr/share/texlive/texmf-dist/tex/latex/latexconfig/graphics.cfg
File: graphics.cfg 2010/04/23 v1.9 graphics configuration of TeX Live
)
Package graphics Info: Driver file: pdftex.def on input line 91.

(/usr/share/texlive/texmf-dist/tex/latex/pdftex-def/pdftex.def
File: pdftex.def 2011/05/27 v0.06d Graphics/color for pdfTeX

(/usr/share/texlive/texmf-dist/tex/generic/oberdiek/infwarerr.sty
Package: infwarerr 2010/04/08 v1.3 Providing info/warning/error messages (HO)
)
(/usr/share/texlive/texmf-dist/tex/generic/oberdiek/ltxcmds.sty
Package: ltxcmds 2011/11/09 v1.22 LaTeX kernel commands for general use (HO)
)
\Gread@gobject=\count89
))
\Gin@req@height=\dimen104
\Gin@req@width=\dimen105
)
(/usr/share/texlive/texmf-dist/tex/latex/ms/ragged2e.sty
Package: ragged2e 2009/05/21 v2.1 ragged2e Package (MS)

(/usr/share/texlive/texmf-dist/tex/latex/ms/everysel.sty
Package: everysel 2011/10/28 v1.2 EverySelectfont Package (MS)
)
\CenteringLeftskip=\skip43
\RaggedLeftLeftskip=\skip44
\RaggedRightLeftskip=\skip45
\CenteringRightskip=\skip46
\RaggedLeftRightskip=\skip47
\RaggedRightRightskip=\skip48
\CenteringParfillskip=\skip49
\RaggedLeftParfillskip=\skip50
\RaggedRightParfillskip=\skip51
\JustifyingParfillskip=\skip52
\CenteringParindent=\skip53
\RaggedLeftParindent=\skip54
\RaggedRightParindent=\skip55
\JustifyingParindent=\skip56
)
(/usr/share/texlive/texmf-dist/tex/latex/marginnote/marginnote.sty
Package: marginnote 2012/03/29 v1.1i non floating margin notes for LaTeX
\c@mn@abspage=\count90
)
(/usr/share/texlive/texmf-dist/tex/latex/framed/framed.sty
Package: framed 2011/10/22 v 0.96: framed or shaded text with page breaks
\OuterFrameSep=\skip57
\fb@frw=\dimen106
\fb@frh=\dimen107
\FrameRule=\dimen108
\FrameSep=\dimen109
)
(/usr/share/texlive/texmf-dist/tex/latex/graphics/color.sty
Package: color 2005/11/14 v1.0j Standard LaTeX Color (DPC)

(/usr/share/texlive/texmf-dist/tex/latex/latexconfig/color.cfg
File: color.cfg 2007/01/18 v1.5 color configuration of teTeX/TeXLive
)
Package color Info: Driver file: pdftex.def on input line 130.
)
(./openstack.aux)
\openout1 = `openstack.aux'.

LaTeX Font Info:    Checking defaults for OML/cmm/m/it on input line 10.
LaTeX Font Info:    ... okay on input line 10.
LaTeX Font Info:    Checking defaults for T1/cmr/m/n on input line 10.
LaTeX Font Info:    ... okay on input line 10.
LaTeX Font Info:    Checking defaults for OT1/cmr/m/n on input line 10.
LaTeX Font Info:    ... okay on input line 10.
LaTeX Font Info:    Checking defaults for OMS/cmsy/m/n on input line 10.
LaTeX Font Info:    ... okay on input line 10.
LaTeX Font Info:    Checking defaults for OMX/cmex/m/n on input line 10.
LaTeX Font Info:    ... okay on input line 10.
LaTeX Font Info:    Checking defaults for U/cmr/m/n on input line 10.
LaTeX Font Info:    ... okay on input line 10.
 (/usr/share/texlive/texmf-dist/tex/context/base/supp-pdf.mkii
[Loading MPS to PDF converter (version 2006.09.02).]
\scratchcounter=\count91
\scratchdimen=\dimen110
\scratchbox=\box26
\nofMPsegments=\count92
\nofMParguments=\count93
\everyMPshowfont=\toks17
\MPscratchCnt=\count94
\MPscratchDim=\dimen111
\MPnumerator=\count95
\makeMPintoPDFobject=\count96
\everyMPtoPDFconversion=\toks18
) (/usr/share/texlive/texmf-dist/tex/generic/oberdiek/pdftexcmds.sty
Package: pdftexcmds 2011/11/29 v0.20 Utility functions of pdfTeX for LuaTeX (HO
)

(/usr/share/texlive/texmf-dist/tex/generic/oberdiek/ifluatex.sty
Package: ifluatex 2010/03/01 v1.3 Provides the ifluatex switch (HO)
Package ifluatex Info: LuaTeX not detected.
)
(/usr/share/texlive/texmf-dist/tex/generic/oberdiek/ifpdf.sty
Package: ifpdf 2011/01/30 v2.3 Provides the ifpdf switch (HO)
Package ifpdf Info: pdfTeX in PDF mode is detected.
)
Package pdftexcmds Info: LuaTeX not detected.
Package pdftexcmds Info: \pdf@primitive is available.
Package pdftexcmds Info: \pdf@ifprimitive is available.
Package pdftexcmds Info: \pdfdraftmode found.
)
(/usr/share/texlive/texmf-dist/tex/latex/oberdiek/epstopdf-base.sty
Package: epstopdf-base 2010/02/09 v2.5 Base part for package epstopdf

(/usr/share/texlive/texmf-dist/tex/latex/oberdiek/grfext.sty
Package: grfext 2010/08/19 v1.1 Manage graphics extensions (HO)

(/usr/share/texlive/texmf-dist/tex/generic/oberdiek/kvdefinekeys.sty
Package: kvdefinekeys 2011/04/07 v1.3 Define keys (HO)
))
(/usr/share/texlive/texmf-dist/tex/latex/oberdiek/kvoptions.sty
Package: kvoptions 2011/06/30 v3.11 Key value format for package options (HO)

(/usr/share/texlive/texmf-dist/tex/generic/oberdiek/kvsetkeys.sty
Package: kvsetkeys 2012/04/25 v1.16 Key value parser (HO)

(/usr/share/texlive/texmf-dist/tex/generic/oberdiek/etexcmds.sty
Package: etexcmds 2011/02/16 v1.5 Avoid name clashes with e-TeX commands (HO)
Package etexcmds Info: Could not find \expanded.
(etexcmds)             That can mean that you are not using pdfTeX 1.50 or
(etexcmds)             that some package has redefined \expanded.
(etexcmds)             In the latter case, load this package earlier.
)))
Package grfext Info: Graphics extension search list:
(grfext)             [.png,.pdf,.jpg,.mps,.jpeg,.jbig2,.jb2,.PNG,.PDF,.JPG,.JPE
G,.JBIG2,.JB2,.eps]
(grfext)             \AppendGraphicsExtensions on input line 452.

(/usr/share/texlive/texmf-dist/tex/latex/latexconfig/epstopdf-sys.cfg
File: epstopdf-sys.cfg 2010/07/13 v1.3 Configuration of (r)epstopdf for TeX Liv
e
))
ABD: EverySelectfont initializing macros
LaTeX Info: Redefining \selectfont on input line 10.
Package marginnote Info: \pdfoutput not 0 and \pdflastxpos available.
(marginnote)             Extended position detection mode activated.

Cap\'{\i }tulo 1.
LaTeX Font Info:    External font `cmex10' loaded for size
(Font)              <7> on input line 18.
LaTeX Font Info:    External font `cmex10' loaded for size
(Font)              <5> on input line 18.

Overfull \hbox (19.88849pt too wide) in paragraph at lines 24--25
[]\OT1/cmr/m/n/10 Basicamente uma pla-ta-forma de IaaS for-nece meios para cria
^^Xc~ao/provisionamento
 []


Overfull \hbox (20.15337pt too wide) in paragraph at lines 32--41
 [] 
 []


Underfull \vbox (badness 10000) has occurred while \output is active []

 [1


{/var/lib/texmf/fonts/map/pdftex/updmap/pdftex.map}]
Overfull \hbox (19.6673pt too wide) in paragraph at lines 45--54
 [] 
 []


Overfull \hbox (38.44505pt too wide) in paragraph at lines 59--72
 [] 
 []


Overfull \hbox (41.58401pt too wide) in paragraph at lines 78--96
 [] 
 []


</home/nashjunior/Documentos/latex/img/arquitetura.png, id=9, 1098.1025pt x 887
.315pt>
File: /home/nashjunior/Documentos/latex/img/arquitetura.png Graphic file (type 
png)
 <use /home/nashjunior/Documentos/latex/img/arquitetura.png>
Package pdftex.def Info: /home/nashjunior/Documentos/latex/img/arquitetura.png 
used on input line 100.
(pdftex.def)             Requested size: 344.99931pt x 278.77458pt.
 [2]
LaTeX Font Info:    Try loading font information for OMS+cmr on input line 108.


(/usr/share/texlive/texmf-dist/tex/latex/base/omscmr.fd
File: omscmr.fd 1999/05/25 v2.5h Standard LaTeX font definitions
)
LaTeX Font Info:    Font shape `OMS/cmr/m/n' in size <10> not available
(Font)              Font shape `OMS/cmsy/m/n' tried instead on input line 108.
 [3 </home/nashjunior/Documentos/latex/img/arquitetura.png>]
</home/nashjunior/Documentos/latex/img/legacy.png, id=21, 663.47874pt x 599.238
75pt>
File: /home/nashjunior/Documentos/latex/img/legacy.png Graphic file (type png)
 <use /home/nashjunior/Documentos/latex/img/legacy.png>
Package pdftex.def Info: /home/nashjunior/Documentos/latex/img/legacy.png used 
on input line 121.
(pdftex.def)             Requested size: 345.00081pt x 311.5968pt.

</home/nashjunior/Documentos/latex/img/arch_legacy.png, id=22, 700.6175pt x 561
.09625pt>
File: /home/nashjunior/Documentos/latex/img/arch_legacy.png Graphic file (type 
png)
 <use /home/nashjunior/Documentos/latex/img/arch_legacy.png>
Package pdftex.def Info: /home/nashjunior/Documentos/latex/img/arch_legacy.png 
used on input line 123.
(pdftex.def)             Requested size: 345.00537pt x 276.30086pt.


LaTeX Warning: Float too large for page by 38.78654pt on input line 125.

[4] [5 </home/nashjunior/Documentos/latex/img/legacy.png> </home/nashjunior/Doc
umentos/latex/img/arch_legacy.png>] [6

]
Cap\'{\i }tulo 2.

Overfull \hbox (45.04387pt too wide) in paragraph at lines 154--194
 [] 
 []

[7]
Overfull \hbox (1.61462pt too wide) in paragraph at lines 201--201
[]\OT1/cmr/bx/n/14.4 Distribuicao da Rede no modo Le-gacy (nova-
 []

[8]
Underfull \hbox (badness 10000) in paragraph at lines 226--230

 []


Underfull \hbox (badness 10000) in paragraph at lines 226--230

 []


Underfull \hbox (badness 10000) in paragraph at lines 226--230

 []


Underfull \hbox (badness 10000) in paragraph at lines 226--230

 []


Underfull \hbox (badness 10000) in paragraph at lines 253--258

 []

[9]
Underfull \hbox (badness 10000) in paragraph at lines 267--271

 []


Underfull \hbox (badness 10000) in paragraph at lines 267--271

 []


Underfull \hbox (badness 10000) in paragraph at lines 267--271

 []


Underfull \hbox (badness 10000) in paragraph at lines 267--271

 []

LaTeX Font Info:    Try loading font information for OML+cmr on input line 286.

(/usr/share/texlive/texmf-dist/tex/latex/base/omlcmr.fd
File: omlcmr.fd 1999/05/25 v2.5h Standard LaTeX font definitions
)
LaTeX Font Info:    Font shape `OML/cmr/m/n' in size <10> not available
(Font)              Font shape `OML/cmm/m/it' tried instead on input line 286.

Overfull \hbox (43.23656pt too wide) in paragraph at lines 285--287
\OT1/cmr/m/n/10 #$echo |  "deb http://ubuntu-cloud.archive.canonical.com/ubuntu
trusty-updates/kilo
 []


Underfull \hbox (badness 10000) in paragraph at lines 285--287

 []


Underfull \hbox (badness 10000) in paragraph at lines 285--287

 []

[10]
Underfull \hbox (badness 10000) in paragraph at lines 329--348

 []


Underfull \hbox (badness 10000) in paragraph at lines 329--348

 []


Underfull \hbox (badness 10000) in paragraph at lines 329--348

 []


Underfull \hbox (badness 10000) in paragraph at lines 329--348

 []


Underfull \hbox (badness 10000) in paragraph at lines 329--348

 []


Underfull \hbox (badness 10000) in paragraph at lines 329--348

 []


Underfull \hbox (badness 10000) in paragraph at lines 329--348

 []


Underfull \hbox (badness 10000) in paragraph at lines 329--348

 []


Underfull \hbox (badness 10000) in paragraph at lines 329--348

 []

[11] (/home/nashjunior/Documentos/latex/cap3/cap3.tex [12]
Cap\'{\i }tulo 3.

Overfull \hbox (87.00812pt too wide) in paragraph at lines 16--51
[][] 
 []


Underfull \vbox (badness 10000) has occurred while \output is active []

 [13

]
</home/nashjunior/Documentos/latex/img/keystone-diagrama.png, id=59, 1056.94875
pt x 747.79375pt>
File: /home/nashjunior/Documentos/latex/img/keystone-diagrama.png Graphic file 
(type png)

<use /home/nashjunior/Documentos/latex/img/keystone-diagrama.png>
Package pdftex.def Info: /home/nashjunior/Documentos/latex/img/keystone-diagram
a.png used on input line 53.
(pdftex.def)             Requested size: 344.98802pt x 244.07983pt.

Underfull \vbox (badness 10000) has occurred while \output is active []

 [14]
Underfull \hbox (badness 10000) in paragraph at lines 60--61

 []


Underfull \hbox (badness 10000) in paragraph at lines 72--75

 []


Overfull \hbox (5.63399pt too wide) in paragraph at lines 72--75
\OT1/cmr/m/n/10 GRANT ALL PRI-VI-LE-GES ON keys-tone.* TO 'keys-tone'@'localhos
t'
 []


Underfull \hbox (badness 10000) in paragraph at lines 72--75

 []


Overfull \hbox (8.63396pt too wide) in paragraph at lines 72--75
\OT1/cmr/m/n/10 GRANT ALL PRI-VI-LE-GES ON keys-tone.* TO 'keys-tone'@''%' IDEN
-
 []

[15 </home/nashjunior/Documentos/latex/img/keystone-diagrama.png>]
Underfull \hbox (badness 10000) in paragraph at lines 85--86

 []


Underfull \hbox (badness 10000) in paragraph at lines 95--101

 []


Underfull \hbox (badness 10000) in paragraph at lines 95--101

 []


Underfull \hbox (badness 10000) in paragraph at lines 95--101

 []


Underfull \hbox (badness 10000) in paragraph at lines 102--106

 []


Underfull \hbox (badness 10000) in paragraph at lines 102--106

 []


Underfull \hbox (badness 10000) in paragraph at lines 107--111

 []


Underfull \hbox (badness 10000) in paragraph at lines 107--111

 []


Underfull \hbox (badness 10000) in paragraph at lines 107--111

 []


Underfull \hbox (badness 10000) in paragraph at lines 112--117

 []


Underfull \hbox (badness 10000) in paragraph at lines 112--117

 []

[16]
Overfull \hbox (4.94766pt too wide) in paragraph at lines 138--151
| \OT1/cmr/m/n/10 WS-GI-Da-e-mon-Pro-cess keystone-public pro-ces-ses=5 th-re-a
ds=1
 []


Underfull \hbox (badness 10000) in paragraph at lines 138--151

 []


Underfull \hbox (badness 10000) in paragraph at lines 138--151

 []


Overfull \hbox (4.94766pt too wide) in paragraph at lines 152--165
| \OT1/cmr/m/n/10 WS-GI-Da-e-mon-Pro-cess keystone-public pro-ces-ses=5 th-re-a
ds=1
 []


Underfull \hbox (badness 10000) in paragraph at lines 152--165

 []


Underfull \hbox (badness 10000) in paragraph at lines 152--165

 []


Overfull \hbox (5.94502pt too wide) in paragraph at lines 169--170
[]\OT1/cmr/m/n/10 # ln -s /etc/apache2/sites-available/wsgi-keystone.conf /etc/
apache2/sites-
 []

[17]
Overfull \hbox (12.22302pt too wide) in paragraph at lines 179--181
[]\OT1/cmr/m/n/10 # curl http://git.openstack.org/cgit/openstack/keystone/plain
/httpd/ keys-
 []


Overfull \hbox (12.94518pt too wide) in paragraph at lines 179--181
\OT1/cmr/m/n/10 | tee /var/www/cgi-bin/keystone/main /var/www/cgi-bin/keystone/
admin 
 []

[18]
Underfull \hbox (badness 10000) in paragraph at lines 223--224

 []


Underfull \hbox (badness 10000) in paragraph at lines 223--224

 []


Underfull \hbox (badness 10000) in paragraph at lines 223--224

 []


Overfull \hbox (42.33954pt too wide) in paragraph at lines 271--272
[]\OT1/cmr/m/n/10 $ keys-tone user-create --name demo --tenant demo --pass USER
$[]$DEMO$[]$PASSWORD
 []

[19]
Overfull \hbox (40.91356pt too wide) in paragraph at lines 284--285
\OT1/cmr/m/n/10 mo-ver a li-nha \OT1/cmr/m/it/10 admin$[]$token$[]$auth \OT1/cm
r/m/n/10 nas se^^Xc~oes \OT1/cmr/m/it/10 [pipeline:public$[]$api]\OT1/cmr/m/n/1
0 , \OT1/cmr/m/it/10 [pipeline:admin$[]$api]
 []


Overfull \hbox (7.61632pt too wide) in paragraph at lines 294--296
\OT1/cmr/m/n/10 $USER$[]$ADMIN$[]$PASSWORD  --os-auth-url "http://controller:35
357/v2.0"token-
 []


Overfull \hbox (3.58855pt too wide) in paragraph at lines 314--316
\OT1/cmr/m/n/10 $USER$[]$DEMO$[]$PASSWORD  --os-auth-url "http://controller:353
57/v2.0"token-
 []


Overfull \hbox (7.26291pt too wide) in paragraph at lines 323--323
[]\OT1/cmr/bx/n/14.4 Criar scripts de am-bi-ente para cli-ente OpenS-
 []

[20]
Underfull \hbox (badness 10000) in paragraph at lines 329--333

 []


Underfull \hbox (badness 10000) in paragraph at lines 337--341

 []

) (/home/nashjunior/Documentos/latex/cap4/cap4.tex [21] [22

]
Cap\'{\i }tulo 4.

Overfull \hbox (57.11179pt too wide) in paragraph at lines 10--25
[] 
 []

[23]
Underfull \hbox (badness 10000) in paragraph at lines 40--43

 []


Underfull \hbox (badness 10000) in paragraph at lines 40--43

 []


Overfull \hbox (84.67569pt too wide) in paragraph at lines 55--56
[]\OT1/cmr/m/n/10 $ keys-tone user-create --name glance --pass $KEYSTONE$[]$USE
R$[]$GLANCE$[]$PASSWORD
 []


Overfull \hbox (9.47278pt too wide) in paragraph at lines 66--67
[]\OT1/cmr/m/n/10 keystone service-create --name glance --type image --descript
ion "OpenS-
 []

[24]
Underfull \hbox (badness 10000) in paragraph at lines 92--96

 []


Underfull \hbox (badness 10000) in paragraph at lines 92--96

 []


Underfull \hbox (badness 10000) in paragraph at lines 92--96

 []


Underfull \hbox (badness 10000) in paragraph at lines 97--108

 []


Underfull \hbox (badness 10000) in paragraph at lines 97--108

 []


Underfull \hbox (badness 10000) in paragraph at lines 97--108

 []


Underfull \hbox (badness 10000) in paragraph at lines 109--113

 []


Underfull \hbox (badness 10000) in paragraph at lines 109--113

 []


Underfull \hbox (badness 10000) in paragraph at lines 109--113

 []


Underfull \hbox (badness 10000) in paragraph at lines 114--119

 []


Underfull \hbox (badness 10000) in paragraph at lines 114--119

 []


Underfull \hbox (badness 10000) in paragraph at lines 114--119

 []

[25]
Underfull \hbox (badness 10000) in paragraph at lines 129--133

 []


Underfull \hbox (badness 10000) in paragraph at lines 129--133

 []


Underfull \hbox (badness 10000) in paragraph at lines 129--133

 []


Underfull \hbox (badness 10000) in paragraph at lines 134--145

 []


Underfull \hbox (badness 10000) in paragraph at lines 134--145

 []


Underfull \hbox (badness 10000) in paragraph at lines 134--145

 []


Underfull \hbox (badness 10000) in paragraph at lines 146--150

 []


Underfull \hbox (badness 10000) in paragraph at lines 146--150

 []


Underfull \hbox (badness 10000) in paragraph at lines 146--150

 []


Underfull \hbox (badness 10000) in paragraph at lines 168--170

 []

[26]
Overfull \hbox (6.52737pt too wide) in paragraph at lines 201--203
[]\OT1/cmr/m/n/10 $ wget -P /tmp/images http://download.cirros-cloud.net/0.3.4/
cirros-0.3.4-
 []


Overfull \hbox (3.07281pt too wide) in paragraph at lines 207--211
[]\OT1/cmr/m/n/10 $ glance image-create --name "cirros-0.3.4-x86$[]$64--file /t
mp/images/ cirros-
 []


Overfull \hbox (11.91725pt too wide) in paragraph at lines 207--211
\OT1/cmr/m/n/10 --disk-format qcow2 --container-format bare --is-public True --
progress \OML/cmm/m/it/10 <\OT1/cmr/m/n/10 cirros-
 []

[27]) (/home/nashjunior/Documentos/latex/cap5/cap5.tex [28]
Cap\'{\i }tulo 5.

Overfull \hbox (101.24335pt too wide) in paragraph at lines 7--16
[][] 
 []


Overfull \hbox (92.34775pt too wide) in paragraph at lines 17--33
[][] 
 []


Underfull \vbox (badness 10000) has occurred while \output is active []

 [29

]
Overfull \hbox (19.4451pt too wide) in paragraph at lines 34--41
[][] 
 []


Overfull \hbox (585.16835pt too wide) in paragraph at lines 53--62
[][] 
 []

[30]
Underfull \hbox (badness 10000) in paragraph at lines 75--78

 []


Underfull \hbox (badness 10000) in paragraph at lines 75--78

 []


Overfull \hbox (63.21733pt too wide) in paragraph at lines 89--90
[]\OT1/cmr/m/n/10 $ keys-tone user-create --name nova --pass $KEYSTONE$[]$USER$
[]$NOVA$[]$PASSWORD
 []


Overfull \hbox (11.69504pt too wide) in paragraph at lines 100--101
[]\OT1/cmr/m/n/10 keystone service-create --name nova --type compute--descripti
on "OpenS-
 []


Overfull \hbox (2.94511pt too wide) in paragraph at lines 121--122
[]\OT1/cmr/m/n/10 # apt-get ins-tall nova-api nova-cert nova-conductor nova-con
soleauth nova-
 []

[31]
Overfull \hbox (35.40077pt too wide) in paragraph at lines 126--134
\OT1/cmr/m/n/10 my$[]$ip= 10.129.64.51 vncserver$[]$listen = 10.129.64.51 vncse
rver$[]$proxyclient$[]$address
 []


Underfull \hbox (badness 10000) in paragraph at lines 135--136

 []


Underfull \hbox (badness 10000) in paragraph at lines 135--136

 []


Underfull \hbox (badness 10000) in paragraph at lines 137--140

 []


Underfull \hbox (badness 10000) in paragraph at lines 137--140

 []


Underfull \hbox (badness 10000) in paragraph at lines 141--142

 []


Underfull \hbox (badness 10000) in paragraph at lines 141--142

 []


Underfull \hbox (badness 10000) in paragraph at lines 143--148

 []


Underfull \hbox (badness 10000) in paragraph at lines 149--150

 []


Underfull \hbox (badness 10000) in paragraph at lines 149--150

 []

LaTeX Font Info:    Font shape `OMS/cmr/m/it' in size <10> not available
(Font)              Font shape `OMS/cmsy/m/n' tried instead on input line 160.

Underfull \hbox (badness 10000) in paragraph at lines 151--162

 []


Underfull \hbox (badness 10000) in paragraph at lines 151--162

 []


Underfull \hbox (badness 10000) in paragraph at lines 151--162

 []


Underfull \hbox (badness 10000) in paragraph at lines 163--167

 []


Underfull \hbox (badness 10000) in paragraph at lines 163--167

 []


Underfull \hbox (badness 10000) in paragraph at lines 163--167

 []

[32]
Overfull \hbox (12.50053pt too wide) in paragraph at lines 183--189
\OT1/cmr/m/n/10 consoleauth res-tart # ser-vice nova-scheduler res-tart # ser-v
ice nova-conductor
 []


Overfull \hbox (94.86195pt too wide) in paragraph at lines 209--219
\OT1/cmr/m/n/10 my$[]$ip= 10.129.64.61 vnc$[]$enabled = true vncserver$[]$liste
n = 0.0.0.0 vncserver$[]$proxyclient$[]$address
 []


Overfull \hbox (8.4675pt too wide) in paragraph at lines 209--219
\OT1/cmr/m/n/10 = 10.129.64.61 novncproxy$[]$base$[]$url = http://controller:60
80/vnc$[]$auto.html 
 []


Underfull \hbox (badness 10000) in paragraph at lines 220--221

 []


Underfull \hbox (badness 10000) in paragraph at lines 220--221

 []


Underfull \hbox (badness 10000) in paragraph at lines 222--225

 []


Underfull \hbox (badness 10000) in paragraph at lines 222--225

 []


Underfull \hbox (badness 10000) in paragraph at lines 226--227

 []


Underfull \hbox (badness 10000) in paragraph at lines 226--227

 []


Underfull \hbox (badness 10000) in paragraph at lines 228--233

 []


Underfull \hbox (badness 10000) in paragraph at lines 234--235

 []


Underfull \hbox (badness 10000) in paragraph at lines 234--235

 []


Underfull \hbox (badness 10000) in paragraph at lines 236--247

 []


Underfull \hbox (badness 10000) in paragraph at lines 236--247

 []


Underfull \hbox (badness 10000) in paragraph at lines 236--247

 []


Underfull \hbox (badness 10000) in paragraph at lines 248--252

 []


Underfull \hbox (badness 10000) in paragraph at lines 248--252

 []


Underfull \hbox (badness 10000) in paragraph at lines 248--252

 []

[33] [34]) (/home/nashjunior/Documentos/latex/cap6/cap6.tex [35] [36

]
Cap\'{\i }tulo 6.

Underfull \hbox (badness 10000) in paragraph at lines 16--19

 []

[37]) [38] (./openstack.aux) ) 
Here is how much of TeX's memory you used:
 2458 strings out of 494963
 35217 string characters out of 6179648
 101772 words of memory out of 5000000
 5620 multiletter control sequences out of 15000+600000
 7129 words of font info for 25 fonts, out of 8000000 for 9000
 38 hyphenation exceptions out of 8191
 38i,9n,23p,568b,303s stack positions out of 5000i,500n,10000p,200000b,80000s
</usr/share/texlive/texmf-dist/fonts/type1/public
/amsfonts/cm/cmbx10.pfb></usr/share/texlive/texmf-dist/fonts/type1/public/amsfo
nts/cm/cmbx12.pfb></usr/share/texlive/texmf-dist/fonts/type1/public/amsfonts/cm
/cmbxti10.pfb></usr/share/texlive/texmf-dist/fonts/type1/public/amsfonts/cm/cmm
i10.pfb></usr/share/texlive/texmf-dist/fonts/type1/public/amsfonts/cm/cmmi7.pfb
></usr/share/texlive/texmf-dist/fonts/type1/public/amsfonts/cm/cmr10.pfb></usr/
share/texlive/texmf-dist/fonts/type1/public/amsfonts/cm/cmsl10.pfb></usr/share/
texlive/texmf-dist/fonts/type1/public/amsfonts/cm/cmsy10.pfb></usr/share/texliv
e/texmf-dist/fonts/type1/public/amsfonts/cm/cmti10.pfb>
Output written on openstack.pdf (38 pages, 484913 bytes).
PDF statistics:
 174 PDF objects out of 1000 (max. 8388607)
 115 compressed objects within 2 object streams
 0 named destinations out of 1000 (max. 500000)
 21 words of extra memory for PDF output out of 10000 (max. 10000000)

